Fetching registry information from https://github.com/microsoft/vcpkg (HEAD)...
Detecting compiler hash for triplet x64-windows...
Compiler found: C:/Program Files/Microsoft Visual Studio/2022/Community/VC/Tools/MSVC/14.41.34120/bin/Hostx64/x64/cl.exe
The following packages will be built and installed:
    sdl2:x64-windows@2.30.9 -- C:\Users\Keola\AppData\Local\vcpkg\registries\git-trees\2cf4933ce414154c0c5adc2b11b0749f35e3c785
  * vcpkg-cmake:x64-windows@2024-04-23 -- C:\Users\Keola\AppData\Local\vcpkg\registries\git-trees\e74aa1e8f93278a8e71372f1fa08c3df420eb840
  * vcpkg-cmake-config:x64-windows@2024-05-23 -- C:\Users\Keola\AppData\Local\vcpkg\registries\git-trees\97a63e4bc1a17422ffe4eff71da53b4b561a7841
Additional packages (*) will be modified to complete this operation.
Restored 0 package(s) from C:\Users\Keola\AppData\Local\vcpkg\archives in 729 us. Use --debug to see more details.
Installing 1/3 vcpkg-cmake-config:x64-windows@2024-05-23...
Building vcpkg-cmake-config:x64-windows@2024-05-23...
C:\Users\Keola\AppData\Local\vcpkg\registries\git-trees\97a63e4bc1a17422ffe4eff71da53b4b561a7841: info: installing overlay port from here
-- Installing: D:/vcpkg/packages/vcpkg-cmake-config_x64-windows/share/vcpkg-cmake-config/vcpkg_cmake_config_fixup.cmake
-- Installing: D:/vcpkg/packages/vcpkg-cmake-config_x64-windows/share/vcpkg-cmake-config/vcpkg-port-config.cmake
-- Installing: D:/vcpkg/packages/vcpkg-cmake-config_x64-windows/share/vcpkg-cmake-config/copyright
-- Skipping post-build validation due to VCPKG_POLICY_EMPTY_PACKAGE
Stored binaries in 1 destinations in 47.2 ms.
Elapsed time to handle vcpkg-cmake-config:x64-windows: 123 ms
vcpkg-cmake-config:x64-windows package ABI: 34bc9f32d18b390b4c330775c8cf6defbc19ae29aacf3fbff58b0a821263e91a
Installing 2/3 vcpkg-cmake:x64-windows@2024-04-23...
Building vcpkg-cmake:x64-windows@2024-04-23...
C:\Users\Keola\AppData\Local\vcpkg\registries\git-trees\e74aa1e8f93278a8e71372f1fa08c3df420eb840: info: installing overlay port from here
-- Installing: D:/vcpkg/packages/vcpkg-cmake_x64-windows/share/vcpkg-cmake/vcpkg_cmake_configure.cmake
-- Installing: D:/vcpkg/packages/vcpkg-cmake_x64-windows/share/vcpkg-cmake/vcpkg_cmake_build.cmake
-- Installing: D:/vcpkg/packages/vcpkg-cmake_x64-windows/share/vcpkg-cmake/vcpkg_cmake_install.cmake
-- Installing: D:/vcpkg/packages/vcpkg-cmake_x64-windows/share/vcpkg-cmake/vcpkg-port-config.cmake
-- Installing: D:/vcpkg/packages/vcpkg-cmake_x64-windows/share/vcpkg-cmake/copyright
-- Performing post-build validation
Stored binaries in 1 destinations in 32.6 ms.
Elapsed time to handle vcpkg-cmake:x64-windows: 122 ms
vcpkg-cmake:x64-windows package ABI: 0cf3f7c7119acf16109b43b5622852049dfdbc32e67ab4275c1c417aa93fc1c6
Installing 3/3 sdl2:x64-windows@2.30.9...
Building sdl2:x64-windows@2.30.9...
C:\Users\Keola\AppData\Local\vcpkg\registries\git-trees\2cf4933ce414154c0c5adc2b11b0749f35e3c785: info: installing overlay port from here
-- Using cached libsdl-org-SDL-release-2.30.9.tar.gz.
-- Extracting source D:/vcpkg/downloads/libsdl-org-SDL-release-2.30.9.tar.gz
-- Applying patch deps.patch
-- Applying patch alsa-dep-fix.patch
-- Applying patch cxx-linkage-pkgconfig.diff
-- Using source at D:/vcpkg/buildtrees/sdl2/src/ase-2.30.9-8363bdb3d0.clean
-- Found external ninja('1.11.0').
-- Configuring x64-windows
-- Building x64-windows-dbg
-- Building x64-windows-rel
-- Fixing pkgconfig file: D:/vcpkg/packages/sdl2_x64-windows/lib/pkgconfig/sdl2.pc
-- Using cached msys2-mingw-w64-x86_64-pkgconf-1~2.3.0-1-any.pkg.tar.zst.
-- Using cached msys2-msys2-runtime-3.5.4-2-x86_64.pkg.tar.zst.
-- Using msys root at D:/vcpkg/downloads/tools/msys2/21caed2f81ec917b
-- Fixing pkgconfig file: D:/vcpkg/packages/sdl2_x64-windows/debug/lib/pkgconfig/sdl2.pc
-- Installing: D:/vcpkg/packages/sdl2_x64-windows/share/sdl2/usage
-- Installing: D:/vcpkg/packages/sdl2_x64-windows/share/sdl2/copyright
-- Performing post-build validation
Stored binaries in 1 destinations in 814 ms.
Elapsed time to handle sdl2:x64-windows: 33 s
sdl2:x64-windows package ABI: 4b47a3d54ede5c6857f69ff9ea9f43951f23e814540a144939dacc3d56e18c92
Total install time: 33 s
sdl2 provides CMake targets:

    find_package(SDL2 CONFIG REQUIRED)
    target_link_libraries(main
        PRIVATE
        $<TARGET_NAME_IF_EXISTS:SDL2::SDL2main>
        $<IF:$<TARGET_EXISTS:SDL2::SDL2>,SDL2::SDL2,SDL2::SDL2-static>
    )

